[0513/014442.558:ERROR:prune_crash_reports.cc(35)] PruneCrashReportDatabase: Failed to get pending reports
[0513/024607.724:ERROR:prune_crash_reports.cc(35)] PruneCrashReportDatabase: Failed to get pending reports
[0527/064133.652:ERROR:prune_crash_reports.cc(35)] PruneCrashReportDatabase: Failed to get pending reports
[0528/064126.115:ERROR:prune_crash_reports.cc(35)] PruneCrashReportDatabase: Failed to get pending reports
[0529/061013.889:ERROR:process_memory_win.cc(73)] ReadMemory at 0x17b668607d0 of 72 bytes failed: Only part of a ReadProcessMemory or WriteProcessMemory request was completed. (0x12B)
[0529/061013.889:WARNING:pe_image_annotations_reader.cc(134)] could not read annotations list object in C:\Program Files (x86)\Google\Chrome\Application\83.0.4103.61\chrome_elf.dll
[0529/061013.889:ERROR:process_memory_win.cc(73)] ReadMemory at 0x17b66705780 of 72 bytes failed: Only part of a ReadProcessMemory or WriteProcessMemory request was completed. (0x12B)
[0529/061013.889:WARNING:pe_image_annotations_reader.cc(134)] could not read annotations list object in C:\Program Files (x86)\Google\Chrome\Application\83.0.4103.61\chrome.dll
[0529/061013.899:ERROR:process_memory_win.cc(73)] ReadMemory at 0x17b668607d0 of 72 bytes failed: Only part of a ReadProcessMemory or WriteProcessMemory request was completed. (0x12B)
[0529/061013.899:WARNING:pe_image_annotations_reader.cc(134)] could not read annotations list object in C:\Program Files (x86)\Google\Chrome\Application\83.0.4103.61\chrome_elf.dll
[0529/061013.899:ERROR:process_memory_win.cc(73)] ReadMemory at 0x17b66705780 of 72 bytes failed: Only part of a ReadProcessMemory or WriteProcessMemory request was completed. (0x12B)
[0529/061013.899:WARNING:pe_image_annotations_reader.cc(134)] could not read annotations list object in C:\Program Files (x86)\Google\Chrome\Application\83.0.4103.61\chrome.dll
[0529/061013.899:ERROR:process_memory_win.cc(73)] ReadMemory at 0x17b668607d0 of 72 bytes failed: Only part of a ReadProcessMemory or WriteProcessMemory request was completed. (0x12B)
[0529/061013.899:WARNING:pe_image_annotations_reader.cc(134)] could not read annotations list object in C:\Program Files (x86)\Google\Chrome\Application\83.0.4103.61\chrome_elf.dll
[0529/061013.899:ERROR:process_memory_win.cc(73)] ReadMemory at 0x17b66705780 of 72 bytes failed: Only part of a ReadProcessMemory or WriteProcessMemory request was completed. (0x12B)
[0529/061013.899:WARNING:pe_image_annotations_reader.cc(134)] could not read annotations list object in C:\Program Files (x86)\Google\Chrome\Application\83.0.4103.61\chrome.dll
[0529/061013.940:ERROR:process_memory_win.cc(73)] ReadMemory at 0x7536ddf000 of 135168 bytes failed: Only part of a ReadProcessMemory or WriteProcessMemory request was completed. (0x12B)
[0529/061013.940:ERROR:process_memory_win.cc(73)] ReadMemory at 0x75375fd000 of 12288 bytes failed: Only part of a ReadProcessMemory or WriteProcessMemory request was completed. (0x12B)
[0529/061013.940:ERROR:process_memory_win.cc(73)] ReadMemory at 0x75385fc000 of 16384 bytes failed: Only part of a ReadProcessMemory or WriteProcessMemory request was completed. (0x12B)
[0529/061013.940:ERROR:process_memory_win.cc(73)] ReadMemory at 0x7538dfc000 of 16384 bytes failed: Only part of a ReadProcessMemory or WriteProcessMemory request was completed. (0x12B)
[0529/061013.940:ERROR:process_memory_win.cc(73)] ReadMemory at 0x75395fe000 of 8192 bytes failed: Only part of a ReadProcessMemory or WriteProcessMemory request was completed. (0x12B)
[0529/061013.940:ERROR:process_memory_win.cc(73)] ReadMemory at 0x7539dfd000 of 12288 bytes failed: Only part of a ReadProcessMemory or WriteProcessMemory request was completed. (0x12B)
[0529/061013.940:ERROR:process_memory_win.cc(73)] ReadMemory at 0x753a5fb000 of 20480 bytes failed: Only part of a ReadProcessMemory or WriteProcessMemory request was completed. (0x12B)
[0529/061013.940:ERROR:process_memory_win.cc(73)] ReadMemory at 0x753adfd000 of 12288 bytes failed: Only part of a ReadProcessMemory or WriteProcessMemory request was completed. (0x12B)
[0529/061013.940:ERROR:process_memory_win.cc(73)] ReadMemory at 0x753b5fa000 of 24576 bytes failed: Only part of a ReadProcessMemory or WriteProcessMemory request was completed. (0x12B)
[0529/061013.940:ERROR:process_memory_win.cc(73)] ReadMemory at 0x753bdfb000 of 20480 bytes failed: Only part of a ReadProcessMemory or WriteProcessMemory request was completed. (0x12B)
[0529/061013.940:ERROR:process_memory_win.cc(73)] ReadMemory at 0x753e5fc000 of 16384 bytes failed: Only part of a ReadProcessMemory or WriteProcessMemory request was completed. (0x12B)
[0529/061013.940:ERROR:process_memory_win.cc(73)] ReadMemory at 0x753c5fd000 of 12288 bytes failed: Only part of a ReadProcessMemory or WriteProcessMemory request was completed. (0x12B)
[0529/061013.940:ERROR:process_memory_win.cc(73)] ReadMemory at 0x753edfd000 of 12288 bytes failed: Only part of a ReadProcessMemory or WriteProcessMemory request was completed. (0x12B)
[0529/061013.940:ERROR:process_memory_win.cc(73)] ReadMemory at 0x753d5fd000 of 12288 bytes failed: Only part of a ReadProcessMemory or WriteProcessMemory request was completed. (0x12B)
[0529/061013.940:ERROR:process_memory_win.cc(73)] ReadMemory at 0x7537dfd000 of 12288 bytes failed: Only part of a ReadProcessMemory or WriteProcessMemory request was completed. (0x12B)
[0529/061013.940:ERROR:process_memory_win.cc(73)] ReadMemory at 0x753cdfd000 of 12288 bytes failed: Only part of a ReadProcessMemory or WriteProcessMemory request was completed. (0x12B)
[0529/061013.940:ERROR:process_memory_win.cc(73)] ReadMemory at 0x753658e000 of 852 bytes failed: Only part of a ReadProcessMemory or WriteProcessMemory request was completed. (0x12B)
[0529/061013.940:ERROR:process_memory_win.cc(73)] ReadMemory at 0x753658f000 of 6024 bytes failed: Only part of a ReadProcessMemory or WriteProcessMemory request was completed. (0x12B)
[0529/061013.940:ERROR:process_memory_win.cc(73)] ReadMemory at 0x7536591000 of 6024 bytes failed: Only part of a ReadProcessMemory or WriteProcessMemory request was completed. (0x12B)
[0529/061013.940:ERROR:process_memory_win.cc(73)] ReadMemory at 0x7536595000 of 6024 bytes failed: Only part of a ReadProcessMemory or WriteProcessMemory request was completed. (0x12B)
[0529/061013.940:ERROR:process_memory_win.cc(73)] ReadMemory at 0x7536597000 of 6024 bytes failed: Only part of a ReadProcessMemory or WriteProcessMemory request was completed. (0x12B)
[0529/061013.948:ERROR:process_memory_win.cc(73)] ReadMemory at 0x7536599000 of 6024 bytes failed: Only part of a ReadProcessMemory or WriteProcessMemory request was completed. (0x12B)
[0529/061013.948:ERROR:process_memory_win.cc(73)] ReadMemory at 0x753659b000 of 6024 bytes failed: Only part of a ReadProcessMemory or WriteProcessMemory request was completed. (0x12B)
[0529/061013.948:ERROR:process_memory_win.cc(73)] ReadMemory at 0x753659d000 of 6024 bytes failed: Only part of a ReadProcessMemory or WriteProcessMemory request was completed. (0x12B)
[0529/061013.948:ERROR:process_memory_win.cc(73)] ReadMemory at 0x753659f000 of 6024 bytes failed: Only part of a ReadProcessMemory or WriteProcessMemory request was completed. (0x12B)
[0529/061013.948:ERROR:process_memory_win.cc(73)] ReadMemory at 0x75365a1000 of 6024 bytes failed: Only part of a ReadProcessMemory or WriteProcessMemory request was completed. (0x12B)
[0529/061013.948:ERROR:process_memory_win.cc(73)] ReadMemory at 0x75365a3000 of 6024 bytes failed: Only part of a ReadProcessMemory or WriteProcessMemory request was completed. (0x12B)
[0529/061013.948:ERROR:process_memory_win.cc(73)] ReadMemory at 0x75365ad000 of 6024 bytes failed: Only part of a ReadProcessMemory or WriteProcessMemory request was completed. (0x12B)
[0529/061013.948:ERROR:process_memory_win.cc(73)] ReadMemory at 0x75365af000 of 6024 bytes failed: Only part of a ReadProcessMemory or WriteProcessMemory request was completed. (0x12B)
[0529/061013.948:ERROR:process_memory_win.cc(73)] ReadMemory at 0x75365b1000 of 6024 bytes failed: Only part of a ReadProcessMemory or WriteProcessMemory request was completed. (0x12B)
[0529/061013.948:ERROR:process_memory_win.cc(73)] ReadMemory at 0x75365c1000 of 6024 bytes failed: Only part of a ReadProcessMemory or WriteProcessMemory request was completed. (0x12B)
[0529/061013.948:ERROR:process_memory_win.cc(73)] ReadMemory at 0x75365c3000 of 6024 bytes failed: Only part of a ReadProcessMemory or WriteProcessMemory request was completed. (0x12B)
[0529/061013.948:ERROR:process_memory_win.cc(73)] ReadMemory at 0x75365c7000 of 6024 bytes failed: Only part of a ReadProcessMemory or WriteProcessMemory request was completed. (0x12B)
[0529/061013.948:ERROR:process_memory_win.cc(73)] ReadMemory at 0x17b66500ab0 of 512 bytes failed: Only part of a ReadProcessMemory or WriteProcessMemory request was completed. (0x12B)
[0529/061013.948:ERROR:process_memory_win.cc(73)] ReadMemory at 0x17b66501020 of 4332 bytes failed: Only part of a ReadProcessMemory or WriteProcessMemory request was completed. (0x12B)
[0529/061013.948:ERROR:process_memory_win.cc(73)] ReadMemory at 0x17b66502120 of 1012 bytes failed: Only part of a ReadProcessMemory or WriteProcessMemory request was completed. (0x12B)
[0529/061013.948:ERROR:process_memory_win.cc(73)] ReadMemory at 0x17b66502738 of 118 bytes failed: Only part of a ReadProcessMemory or WriteProcessMemory request was completed. (0x12B)
[0529/061013.948:ERROR:process_memory_win.cc(73)] ReadMemory at 0x17b665027b0 of 1186 bytes failed: Only part of a ReadProcessMemory or WriteProcessMemory request was completed. (0x12B)
[0529/061013.948:ERROR:process_memory_win.cc(73)] ReadMemory at 0x17b66502c54 of 118 bytes failed: Only part of a ReadProcessMemory or WriteProcessMemory request was completed. (0x12B)
[0529/061013.948:ERROR:process_memory_win.cc(73)] ReadMemory at 0x17b66502ccc of 100 bytes failed: Only part of a ReadProcessMemory or WriteProcessMemory request was completed. (0x12B)
[0529/061013.948:ERROR:process_memory_win.cc(73)] ReadMemory at 0x17b66502d40 of 58 bytes failed: Only part of a ReadProcessMemory or WriteProcessMemory request was completed. (0x12B)
[0529/061013.948:ERROR:process_memory_win.cc(73)] ReadMemory at 0x17b66502e40 of 132 bytes failed: Only part of a ReadProcessMemory or WriteProcessMemory request was completed. (0x12B)
[0529/061013.948:ERROR:process_memory_win.cc(73)] ReadMemory at 0x17b66502fd0 of 132 bytes failed: Only part of a ReadProcessMemory or WriteProcessMemory request was completed. (0x12B)
[0529/061013.948:ERROR:process_memory_win.cc(73)] ReadMemory at 0x17b66503190 of 124 bytes failed: Only part of a ReadProcessMemory or WriteProcessMemory request was completed. (0x12B)
[0529/061013.950:ERROR:process_memory_win.cc(73)] ReadMemory at 0x17b66503570 of 132 bytes failed: Only part of a ReadProcessMemory or WriteProcessMemory request was completed. (0x12B)
[0529/061013.950:ERROR:process_memory_win.cc(73)] ReadMemory at 0x17b66503700 of 64 bytes failed: Only part of a ReadProcessMemory or WriteProcessMemory request was completed. (0x12B)
[0529/061013.950:ERROR:process_memory_win.cc(73)] ReadMemory at 0x17b665038c0 of 132 bytes failed: Only part of a ReadProcessMemory or WriteProcessMemory request was completed. (0x12B)
[0529/061013.950:ERROR:process_memory_win.cc(73)] ReadMemory at 0x17b66503b50 of 132 bytes failed: Only part of a ReadProcessMemory or WriteProcessMemory request was completed. (0x12B)
[0529/061013.950:ERROR:process_memory_win.cc(73)] ReadMemory at 0x17b66503ce0 of 68 bytes failed: Only part of a ReadProcessMemory or WriteProcessMemory request was completed. (0x12B)
[0529/061013.950:ERROR:process_memory_win.cc(73)] ReadMemory at 0x17b66504b70 of 144 bytes failed: Only part of a ReadProcessMemory or WriteProcessMemory request was completed. (0x12B)
[0529/061013.950:ERROR:process_memory_win.cc(73)] ReadMemory at 0x17b66504c50 of 132 bytes failed: Only part of a ReadProcessMemory or WriteProcessMemory request was completed. (0x12B)
[0529/061013.950:ERROR:process_memory_win.cc(73)] ReadMemory at 0x17b66504de0 of 152 bytes failed: Only part of a ReadProcessMemory or WriteProcessMemory request was completed. (0x12B)
[0529/061013.950:ERROR:process_memory_win.cc(73)] ReadMemory at 0x17b665059d0 of 132 bytes failed: Only part of a ReadProcessMemory or WriteProcessMemory request was completed. (0x12B)
[0529/061013.950:ERROR:process_memory_win.cc(73)] ReadMemory at 0x17b66505b70 of 60 bytes failed: Only part of a ReadProcessMemory or WriteProcessMemory request was completed. (0x12B)
[0529/061013.950:ERROR:process_memory_win.cc(73)] ReadMemory at 0x17b66505be0 of 62 bytes failed: Only part of a ReadProcessMemory or WriteProcessMemory request was completed. (0x12B)
[0529/061013.950:ERROR:process_memory_win.cc(73)] ReadMemory at 0x17b66505c30 of 132 bytes failed: Only part of a ReadProcessMemory or WriteProcessMemory request was completed. (0x12B)
[0529/061013.950:ERROR:process_memory_win.cc(73)] ReadMemory at 0x17b66506250 of 132 bytes failed: Only part of a ReadProcessMemory or WriteProcessMemory request was completed. (0x12B)
[0529/061013.950:ERROR:process_memory_win.cc(73)] ReadMemory at 0x17b66506380 of 60 bytes failed: Only part of a ReadProcessMemory or WriteProcessMemory request was completed. (0x12B)
[0529/061013.950:ERROR:process_memory_win.cc(73)] ReadMemory at 0x17b665063d0 of 58 bytes failed: Only part of a ReadProcessMemory or WriteProcessMemory request was completed. (0x12B)
[0529/061013.950:ERROR:process_memory_win.cc(73)] ReadMemory at 0x17b6650712a of 512 bytes failed: Only part of a ReadProcessMemory or WriteProcessMemory request was completed. (0x12B)
[0529/061013.950:ERROR:process_memory_win.cc(73)] ReadMemory at 0x17b6650d1e0 of 60 bytes failed: Only part of a ReadProcessMemory or WriteProcessMemory request was completed. (0x12B)
[0529/061013.950:ERROR:process_memory_win.cc(73)] ReadMemory at 0x17b6650d230 of 64 bytes failed: Only part of a ReadProcessMemory or WriteProcessMemory request was completed. (0x12B)
[0529/061013.950:ERROR:process_memory_win.cc(73)] ReadMemory at 0x17b6650d2d0 of 62 bytes failed: Only part of a ReadProcessMemory or WriteProcessMemory request was completed. (0x12B)
[0529/061013.950:ERROR:process_memory_win.cc(73)] ReadMemory at 0x17b6650d370 of 66 bytes failed: Only part of a ReadProcessMemory or WriteProcessMemory request was completed. (0x12B)
[0529/061013.950:ERROR:process_memory_win.cc(73)] ReadMemory at 0x17b6650d3c0 of 64 bytes failed: Only part of a ReadProcessMemory or WriteProcessMemory request was completed. (0x12B)
[0529/061013.950:ERROR:process_memory_win.cc(73)] ReadMemory at 0x17b6650d410 of 62 bytes failed: Only part of a ReadProcessMemory or WriteProcessMemory request was completed. (0x12B)
[0529/061013.950:ERROR:process_memory_win.cc(73)] ReadMemory at 0x17b6650d460 of 60 bytes failed: Only part of a ReadProcessMemory or WriteProcessMemory request was completed. (0x12B)
[0529/061013.950:ERROR:process_memory_win.cc(73)] ReadMemory at 0x17b6650d550 of 58 bytes failed: Only part of a ReadProcessMemory or WriteProcessMemory request was completed. (0x12B)
[0529/061013.950:ERROR:process_memory_win.cc(73)] ReadMemory at 0x17b6650d5f0 of 60 bytes failed: Only part of a ReadProcessMemory or WriteProcessMemory request was completed. (0x12B)
[0529/061013.950:ERROR:process_memory_win.cc(73)] ReadMemory at 0x17b6650d6e0 of 64 bytes failed: Only part of a ReadProcessMemory or WriteProcessMemory request was completed. (0x12B)
[0529/061013.950:ERROR:process_memory_win.cc(73)] ReadMemory at 0x17b6650d730 of 62 bytes failed: Only part of a ReadProcessMemory or WriteProcessMemory request was completed. (0x12B)
[0529/061013.950:ERROR:process_memory_win.cc(73)] ReadMemory at 0x17b6650d780 of 62 bytes failed: Only part of a ReadProcessMemory or WriteProcessMemory request was completed. (0x12B)
[0529/061013.950:ERROR:process_memory_win.cc(73)] ReadMemory at 0x17b6650d820 of 62 bytes failed: Only part of a ReadProcessMemory or WriteProcessMemory request was completed. (0x12B)
[0529/061013.950:ERROR:process_memory_win.cc(73)] ReadMemory at 0x17b6650d870 of 64 bytes failed: Only part of a ReadProcessMemory or WriteProcessMemory request was completed. (0x12B)
[0529/061013.950:ERROR:process_memory_win.cc(73)] ReadMemory at 0x17b6650d8c0 of 64 bytes failed: Only part of a ReadProcessMemory or WriteProcessMemory request was completed. (0x12B)
[0529/061013.950:ERROR:process_memory_win.cc(73)] ReadMemory at 0x17b6650d910 of 62 bytes failed: Only part of a ReadProcessMemory or WriteProcessMemory request was completed. (0x12B)
[0529/061013.950:ERROR:process_memory_win.cc(73)] ReadMemory at 0x17b6650f790 of 132 bytes failed: Only part of a ReadProcessMemory or WriteProcessMemory request was completed. (0x12B)
[0529/061013.950:ERROR:process_memory_win.cc(73)] ReadMemory at 0x17b6650fb10 of 132 bytes failed: Only part of a ReadProcessMemory or WriteProcessMemory request was completed. (0x12B)
[0529/061013.950:ERROR:process_memory_win.cc(73)] ReadMemory at 0x17b665103b0 of 80 bytes failed: Only part of a ReadProcessMemory or WriteProcessMemory request was completed. (0x12B)
[0529/061013.950:ERROR:process_memory_win.cc(73)] ReadMemory at 0x17b66510710 of 64 bytes failed: Only part of a ReadProcessMemory or WriteProcessMemory request was completed. (0x12B)
[0529/061013.950:ERROR:process_memory_win.cc(73)] ReadMemory at 0x17b66510850 of 62 bytes failed: Only part of a ReadProcessMemory or WriteProcessMemory request was completed. (0x12B)
[0529/061013.950:ERROR:process_memory_win.cc(73)] ReadMemory at 0x17b665108f0 of 64 bytes failed: Only part of a ReadProcessMemory or WriteProcessMemory request was completed. (0x12B)
[0529/061013.950:ERROR:process_memory_win.cc(73)] ReadMemory at 0x17b66510990 of 60 bytes failed: Only part of a ReadProcessMemory or WriteProcessMemory request was completed. (0x12B)
[0529/061013.950:ERROR:process_memory_win.cc(73)] ReadMemory at 0x17b66510ad0 of 62 bytes failed: Only part of a ReadProcessMemory or WriteProcessMemory request was completed. (0x12B)
[0529/061013.950:ERROR:process_memory_win.cc(73)] ReadMemory at 0x17b66510e90 of 62 bytes failed: Only part of a ReadProcessMemory or WriteProcessMemory request was completed. (0x12B)
[0529/061013.950:ERROR:process_memory_win.cc(73)] ReadMemory at 0x17b66511020 of 66 bytes failed: Only part of a ReadProcessMemory or WriteProcessMemory request was completed. (0x12B)
[0529/061013.950:ERROR:process_memory_win.cc(73)] ReadMemory at 0x17b665112f0 of 60 bytes failed: Only part of a ReadProcessMemory or WriteProcessMemory request was completed. (0x12B)
[0529/061013.950:ERROR:process_memory_win.cc(73)] ReadMemory at 0x17b665113e0 of 64 bytes failed: Only part of a ReadProcessMemory or WriteProcessMemory request was completed. (0x12B)
[0529/061013.950:ERROR:process_memory_win.cc(73)] ReadMemory at 0x17b665114d0 of 60 bytes failed: Only part of a ReadProcessMemory or WriteProcessMemory request was completed. (0x12B)
[0529/061013.950:ERROR:process_memory_win.cc(73)] ReadMemory at 0x17b665115c0 of 62 bytes failed: Only part of a ReadProcessMemory or WriteProcessMemory request was completed. (0x12B)
[0529/061013.950:ERROR:process_memory_win.cc(73)] ReadMemory at 0x17b66512e80 of 132 bytes failed: Only part of a ReadProcessMemory or WriteProcessMemory request was completed. (0x12B)
[0529/061013.950:ERROR:process_memory_win.cc(73)] ReadMemory at 0x17b66512fb0 of 132 bytes failed: Only part of a ReadProcessMemory or WriteProcessMemory request was completed. (0x12B)
[0529/061013.950:ERROR:process_memory_win.cc(73)] ReadMemory at 0x17b665130e0 of 132 bytes failed: Only part of a ReadProcessMemory or WriteProcessMemory request was completed. (0x12B)
[0529/061013.950:ERROR:process_memory_win.cc(73)] ReadMemory at 0x17b66513340 of 132 bytes failed: Only part of a ReadProcessMemory or WriteProcessMemory request was completed. (0x12B)
[0529/061013.950:ERROR:process_memory_win.cc(73)] ReadMemory at 0x17b66513470 of 132 bytes failed: Only part of a ReadProcessMemory or WriteProcessMemory request was completed. (0x12B)
[0529/061013.950:ERROR:process_memory_win.cc(73)] ReadMemory at 0x17b665135a0 of 132 bytes failed: Only part of a ReadProcessMemory or WriteProcessMemory request was completed. (0x12B)
[0529/061013.950:ERROR:process_memory_win.cc(73)] ReadMemory at 0x17b665136d0 of 132 bytes failed: Only part of a ReadProcessMemory or WriteProcessMemory request was completed. (0x12B)
[0529/061013.950:ERROR:process_memory_win.cc(73)] ReadMemory at 0x17b66513800 of 132 bytes failed: Only part of a ReadProcessMemory or WriteProcessMemory request was completed. (0x12B)
[0529/061013.950:ERROR:process_memory_win.cc(73)] ReadMemory at 0x17b66513930 of 132 bytes failed: Only part of a ReadProcessMemory or WriteProcessMemory request was completed. (0x12B)
[0529/061013.950:ERROR:process_memory_win.cc(73)] ReadMemory at 0x17b66513a60 of 132 bytes failed: Only part of a ReadProcessMemory or WriteProcessMemory request was completed. (0x12B)
[0529/061013.950:ERROR:process_memory_win.cc(73)] ReadMemory at 0x17b66513b90 of 132 bytes failed: Only part of a ReadProcessMemory or WriteProcessMemory request was completed. (0x12B)
[0529/061013.950:ERROR:process_memory_win.cc(73)] ReadMemory at 0x17b66513cc0 of 132 bytes failed: Only part of a ReadProcessMemory or WriteProcessMemory request was completed. (0x12B)
[0529/061013.950:ERROR:process_memory_win.cc(73)] ReadMemory at 0x17b66514040 of 132 bytes failed: Only part of a ReadProcessMemory or WriteProcessMemory request was completed. (0x12B)
[0529/061013.950:ERROR:process_memory_win.cc(73)] ReadMemory at 0x17b665142d0 of 132 bytes failed: Only part of a ReadProcessMemory or WriteProcessMemory request was completed. (0x12B)
[0529/061013.950:ERROR:process_memory_win.cc(73)] ReadMemory at 0x17b66514810 of 132 bytes failed: Only part of a ReadProcessMemory or WriteProcessMemory request was completed. (0x12B)
[0529/061013.950:ERROR:process_memory_win.cc(73)] ReadMemory at 0x17b66514a30 of 132 bytes failed: Only part of a ReadProcessMemory or WriteProcessMemory request was completed. (0x12B)
[0529/061013.950:ERROR:process_memory_win.cc(73)] ReadMemory at 0x17b665152e0 of 54 bytes failed: Only part of a ReadProcessMemory or WriteProcessMemory request was completed. (0x12B)
[0529/061013.950:ERROR:process_memory_win.cc(73)] ReadMemory at 0x17b66516d70 of 132 bytes failed: Only part of a ReadProcessMemory or WriteProcessMemory request was completed. (0x12B)
[0529/061013.950:ERROR:process_memory_win.cc(73)] ReadMemory at 0x17b66516ea0 of 132 bytes failed: Only part of a ReadProcessMemory or WriteProcessMemory request was completed. (0x12B)
[0529/061013.950:ERROR:process_memory_win.cc(73)] ReadMemory at 0x17b66519780 of 78 bytes failed: Only part of a ReadProcessMemory or WriteProcessMemory request was completed. (0x12B)
[0529/061013.950:ERROR:process_memory_win.cc(73)] ReadMemory at 0x17b66519b40 of 80 bytes failed: Only part of a ReadProcessMemory or WriteProcessMemory request was completed. (0x12B)
[0529/061013.950:ERROR:process_memory_win.cc(73)] ReadMemory at 0x17b66519cc0 of 76 bytes failed: Only part of a ReadProcessMemory or WriteProcessMemory request was completed. (0x12B)
[0529/061013.950:ERROR:process_memory_win.cc(73)] ReadMemory at 0x17b66519f50 of 132 bytes failed: Only part of a ReadProcessMemory or WriteProcessMemory request was completed. (0x12B)
[0529/061013.950:ERROR:process_memory_win.cc(73)] ReadMemory at 0x17b6651a080 of 132 bytes failed: Only part of a ReadProcessMemory or WriteProcessMemory request was completed. (0x12B)
[0529/061013.950:ERROR:process_memory_win.cc(73)] ReadMemory at 0x17b6651a1b0 of 132 bytes failed: Only part of a ReadProcessMemory or WriteProcessMemory request was completed. (0x12B)
[0529/061013.950:ERROR:process_memory_win.cc(73)] ReadMemory at 0x17b6651a2e0 of 132 bytes failed: Only part of a ReadProcessMemory or WriteProcessMemory request was completed. (0x12B)
[0529/061013.950:ERROR:process_memory_win.cc(73)] ReadMemory at 0x17b6651a410 of 132 bytes failed: Only part of a ReadProcessMemory or WriteProcessMemory request was completed. (0x12B)
[0529/061013.950:ERROR:process_memory_win.cc(73)] ReadMemory at 0x17b6651a540 of 132 bytes failed: Only part of a ReadProcessMemory or WriteProcessMemory request was completed. (0x12B)
[0529/061013.950:ERROR:process_memory_win.cc(73)] ReadMemory at 0x17b6651a670 of 132 bytes failed: Only part of a ReadProcessMemory or WriteProcessMemory request was completed. (0x12B)
[0529/061013.950:ERROR:process_memory_win.cc(73)] ReadMemory at 0x17b6651ac60 of 132 bytes failed: Only part of a ReadProcessMemory or WriteProcessMemory request was completed. (0x12B)
[0529/061013.950:ERROR:process_memory_win.cc(73)] ReadMemory at 0x17b6651ad90 of 132 bytes failed: Only part of a ReadProcessMemory or WriteProcessMemory request was completed. (0x12B)
[0529/061013.950:ERROR:process_memory_win.cc(73)] ReadMemory at 0x17b6651aec0 of 132 bytes failed: Only part of a ReadProcessMemory or WriteProcessMemory request was completed. (0x12B)
[0529/061013.950:ERROR:process_memory_win.cc(73)] ReadMemory at 0x17b6651aff0 of 132 bytes failed: Only part of a ReadProcessMemory or WriteProcessMemory request was completed. (0x12B)
[0529/061013.950:ERROR:process_memory_win.cc(73)] ReadMemory at 0x17b6651b120 of 132 bytes failed: Only part of a ReadProcessMemory or WriteProcessMemory request was completed. (0x12B)
[0529/061013.950:ERROR:process_memory_win.cc(73)] ReadMemory at 0x17b6651b250 of 132 bytes failed: Only part of a ReadProcessMemory or WriteProcessMemory request was completed. (0x12B)
[0529/061013.950:ERROR:process_memory_win.cc(73)] ReadMemory at 0x17b6651b380 of 132 bytes failed: Only part of a ReadProcessMemory or WriteProcessMemory request was completed. (0x12B)
[0529/061013.950:ERROR:process_memory_win.cc(73)] ReadMemory at 0x17b6651b4b0 of 132 bytes failed: Only part of a ReadProcessMemory or WriteProcessMemory request was completed. (0x12B)
[0529/061013.950:ERROR:process_memory_win.cc(73)] ReadMemory at 0x17b6651b5e0 of 132 bytes failed: Only part of a ReadProcessMemory or WriteProcessMemory request was completed. (0x12B)
[0529/061013.950:ERROR:process_memory_win.cc(73)] ReadMemory at 0x17b6651b710 of 132 bytes failed: Only part of a ReadProcessMemory or WriteProcessMemory request was completed. (0x12B)
[0529/061013.950:ERROR:process_memory_win.cc(73)] ReadMemory at 0x17b6651b840 of 132 bytes failed: Only part of a ReadProcessMemory or WriteProcessMemory request was completed. (0x12B)
[0529/061013.950:ERROR:process_memory_win.cc(73)] ReadMemory at 0x17b6651b970 of 132 bytes failed: Only part of a ReadProcessMemory or WriteProcessMemory request was completed. (0x12B)
[0529/061013.950:ERROR:process_memory_win.cc(73)] ReadMemory at 0x17b6651baa0 of 132 bytes failed: Only part of a ReadProcessMemory or WriteProcessMemory request was completed. (0x12B)
[0529/061013.950:ERROR:process_memory_win.cc(73)] ReadMemory at 0x17b6651bbd0 of 132 bytes failed: Only part of a ReadProcessMemory or WriteProcessMemory request was completed. (0x12B)
[0529/061013.950:ERROR:process_memory_win.cc(73)] ReadMemory at 0x17b6651bd00 of 132 bytes failed: Only part of a ReadProcessMemory or WriteProcessMemory request was completed. (0x12B)
[0529/061013.950:ERROR:process_memory_win.cc(73)] ReadMemory at 0x17b6651cea0 of 512 bytes failed: Only part of a ReadProcessMemory or WriteProcessMemory request was completed. (0x12B)
[0529/061013.950:ERROR:process_memory_win.cc(73)] ReadMemory at 0x17b6652b5d0 of 60 bytes failed: Only part of a ReadProcessMemory or WriteProcessMemory request was completed. (0x12B)
[0529/061013.950:ERROR:process_memory_win.cc(73)] ReadMemory at 0x17b6652b620 of 62 bytes failed: Only part of a ReadProcessMemory or WriteProcessMemory request was completed. (0x12B)
[0529/061013.950:ERROR:process_memory_win.cc(73)] ReadMemory at 0x17b6652b800 of 60 bytes failed: Only part of a ReadProcessMemory or WriteProcessMemory request was completed. (0x12B)
[0529/061013.950:ERROR:process_memory_win.cc(73)] ReadMemory at 0x17b6652ba80 of 64 bytes failed: Only part of a ReadProcessMemory or WriteProcessMemory request was completed. (0x12B)
[0529/061013.950:ERROR:process_memory_win.cc(73)] ReadMemory at 0x17b6652bd50 of 58 bytes failed: Only part of a ReadProcessMemory or WriteProcessMemory request was completed. (0x12B)
[0529/061013.950:ERROR:process_memory_win.cc(73)] ReadMemory at 0x17b6652bdf0 of 62 bytes failed: Only part of a ReadProcessMemory or WriteProcessMemory request was completed. (0x12B)
[0529/061013.950:ERROR:process_memory_win.cc(73)] ReadMemory at 0x17b6652bf80 of 66 bytes failed: Only part of a ReadProcessMemory or WriteProcessMemory request was completed. (0x12B)
[0529/061013.950:ERROR:process_memory_win.cc(73)] ReadMemory at 0x17b6652c160 of 60 bytes failed: Only part of a ReadProcessMemory or WriteProcessMemory request was completed. (0x12B)
[0529/061013.950:ERROR:process_memory_win.cc(73)] ReadMemory at 0x17b6652c480 of 58 bytes failed: Only part of a ReadProcessMemory or WriteProcessMemory request was completed. (0x12B)
[0529/061013.950:ERROR:process_memory_win.cc(73)] ReadMemory at 0x17b66538020 of 512 bytes failed: Only part of a ReadProcessMemory or WriteProcessMemory request was completed. (0x12B)
[0529/061013.950:ERROR:process_memory_win.cc(73)] ReadMemory at 0x17b6654d0a0 of 512 bytes failed: Only part of a ReadProcessMemory or WriteProcessMemory request was completed. (0x12B)
[0529/061013.950:ERROR:process_memory_win.cc(73)] ReadMemory at 0x17b666014b0 of 512 bytes failed: Only part of a ReadProcessMemory or WriteProcessMemory request was completed. (0x12B)
[0529/061013.950:ERROR:process_memory_win.cc(73)] ReadMemory at 0x17b66728830 of 512 bytes failed: Only part of a ReadProcessMemory or WriteProcessMemory request was completed. (0x12B)
[0529/061013.950:ERROR:process_memory_win.cc(73)] ReadMemory at 0x17b6673d8d0 of 712 bytes failed: Only part of a ReadProcessMemory or WriteProcessMemory request was completed. (0x12B)
[0529/061013.950:ERROR:process_memory_win.cc(73)] ReadMemory at 0x17b6676b730 of 512 bytes failed: Only part of a ReadProcessMemory or WriteProcessMemory request was completed. (0x12B)
[0529/061013.950:ERROR:process_memory_win.cc(73)] ReadMemory at 0x17b6677b100 of 512 bytes failed: Only part of a ReadProcessMemory or WriteProcessMemory request was completed. (0x12B)
[0529/061013.950:ERROR:process_memory_win.cc(73)] ReadMemory at 0x17b66f30000 of 384 bytes failed: Only part of a ReadProcessMemory or WriteProcessMemory request was completed. (0x12B)
[0529/061013.950:ERROR:process_memory_win.cc(73)] ReadMemory at 0x17b68360000 of 384 bytes failed: Only part of a ReadProcessMemory or WriteProcessMemory request was completed. (0x12B)
[0529/061013.950:ERROR:process_memory_win.cc(73)] ReadMemory at 0x17b683a3ba0 of 512 bytes failed: Only part of a ReadProcessMemory or WriteProcessMemory request was completed. (0x12B)
[0529/061013.950:ERROR:process_memory_win.cc(73)] ReadMemory at 0x17b683b9020 of 512 bytes failed: Only part of a ReadProcessMemory or WriteProcessMemory request was completed. (0x12B)
[0529/061013.950:ERROR:process_memory_win.cc(73)] ReadMemory at 0x17b683f1f98 of 512 bytes failed: Only part of a ReadProcessMemory or WriteProcessMemory request was completed. (0x12B)
[0529/061013.950:ERROR:process_memory_win.cc(73)] ReadMemory at 0x17b68440620 of 512 bytes failed: Only part of a ReadProcessMemory or WriteProcessMemory request was completed. (0x12B)
[0529/061013.950:ERROR:process_memory_win.cc(73)] ReadMemory at 0x17b69053008 of 512 bytes failed: Only part of a ReadProcessMemory or WriteProcessMemory request was completed. (0x12B)
[0529/061013.950:ERROR:process_memory_win.cc(73)] ReadMemory at 0x17b69081330 of 512 bytes failed: Only part of a ReadProcessMemory or WriteProcessMemory request was completed. (0x12B)
[0529/061013.950:ERROR:process_memory_win.cc(73)] ReadMemory at 0x17b6910efb0 of 512 bytes failed: Only part of a ReadProcessMemory or WriteProcessMemory request was completed. (0x12B)
[0529/061013.950:ERROR:process_memory_win.cc(73)] ReadMemory at 0x17b69e04fa0 of 520 bytes failed: Only part of a ReadProcessMemory or WriteProcessMemory request was completed. (0x12B)
[0529/061013.950:ERROR:process_memory_win.cc(73)] ReadMemory at 0x17b6a4f6860 of 528 bytes failed: Only part of a ReadProcessMemory or WriteProcessMemory request was completed. (0x12B)
[0529/061013.950:ERROR:process_memory_win.cc(73)] ReadMemory at 0x17b6d0f85e0 of 512 bytes failed: Only part of a ReadProcessMemory or WriteProcessMemory request was completed. (0x12B)
[0529/061013.950:ERROR:process_memory_win.cc(73)] ReadMemory at 0x17b6e4caa50 of 512 bytes failed: Only part of a ReadProcessMemory or WriteProcessMemory request was completed. (0x12B)
[0529/061013.958:ERROR:scoped_process_suspend.cc(40)] NtResumeProcess: An attempt was made to access an exiting process. (0xc000010a)
[0601/045530.236:ERROR:process_reader_win.cc(151)] SuspendThread: Access is denied. (0x5)
[0601/045530.236:ERROR:exception_snapshot_win.cc(98)] thread ID 23716 not found in process
[0602/025320.726:ERROR:process_reader_win.cc(151)] SuspendThread: Access is denied. (0x5)
[0602/025320.726:ERROR:exception_snapshot_win.cc(98)] thread ID 23828 not found in process
[0602/025320.726:ERROR:scoped_process_suspend.cc(40)] NtResumeProcess: An attempt was made to access an exiting process. (0xc000010a)
[0603/025149.683:ERROR:prune_crash_reports.cc(35)] PruneCrashReportDatabase: Failed to get pending reports
[0603/025258.402:ERROR:prune_crash_reports.cc(35)] PruneCrashReportDatabase: Failed to get pending reports
[0603/030215.084:ERROR:prune_crash_reports.cc(35)] PruneCrashReportDatabase: Failed to get pending reports
[0603/030324.577:ERROR:prune_crash_reports.cc(35)] PruneCrashReportDatabase: Failed to get pending reports
[0609/093135.661:ERROR:prune_crash_reports.cc(35)] PruneCrashReportDatabase: Failed to get pending reports
[0617/071128.736:ERROR:process_info.cc(329)] VirtualQueryEx: Access is denied. (0x5)
[0617/071128.740:ERROR:process_info.cc(556)] ReadMemoryInfo failed
[0617/071128.740:ERROR:scoped_process_suspend.cc(40)] NtResumeProcess: An attempt was made to access an exiting process. (0xc000010a)
[0622/050318.169:ERROR:prune_crash_reports.cc(35)] PruneCrashReportDatabase: Failed to get pending reports
[0624/000824.870:ERROR:prune_crash_reports.cc(35)] PruneCrashReportDatabase: Failed to get pending reports
[0624/020909.866:ERROR:prune_crash_reports.cc(35)] PruneCrashReportDatabase: Failed to get pending reports
[0624/040417.289:ERROR:prune_crash_reports.cc(35)] PruneCrashReportDatabase: Failed to get pending reports
[0624/042346.415:ERROR:prune_crash_reports.cc(35)] PruneCrashReportDatabase: Failed to get pending reports
[0626/105048.196:ERROR:prune_crash_reports.cc(35)] PruneCrashReportDatabase: Failed to get pending reports
[0627/105049.973:ERROR:prune_crash_reports.cc(35)] PruneCrashReportDatabase: Failed to get pending reports
[0628/105052.161:ERROR:prune_crash_reports.cc(35)] PruneCrashReportDatabase: Failed to get pending reports
[0629/020752.772:ERROR:prune_crash_reports.cc(35)] PruneCrashReportDatabase: Failed to get pending reports
[0629/093356.100:ERROR:prune_crash_reports.cc(35)] PruneCrashReportDatabase: Failed to get pending reports
[0630/103950.979:ERROR:process_reader_win.cc(151)] SuspendThread: Access is denied. (0x5)
[0630/103950.981:ERROR:exception_snapshot_win.cc(98)] thread ID 11052 not found in process
[0701/072555.011:ERROR:process_reader_win.cc(151)] SuspendThread: Access is denied. (0x5)
[0701/072555.015:ERROR:process_reader_win.cc(151)] SuspendThread: Access is denied. (0x5)
[0701/072555.015:ERROR:exception_snapshot_win.cc(98)] thread ID 16828 not found in process
[0709/090035.754:ERROR:process_reader_win.cc(151)] SuspendThread: Access is denied. (0x5)
[0709/090035.756:ERROR:process_reader_win.cc(151)] SuspendThread: Access is denied. (0x5)
[0709/090035.756:ERROR:exception_snapshot_win.cc(98)] thread ID 21976 not found in process
[1016/094555.262:ERROR:directory_reader_win.cc(43)] FindFirstFile: The system cannot find the path specified. (0x3)
[1016/095552.719:ERROR:directory_reader_win.cc(43)] FindFirstFile: The system cannot find the path specified. (0x3)
[1016/104544.918:ERROR:directory_reader_win.cc(43)] FindFirstFile: The system cannot find the path specified. (0x3)
[1016/105402.114:ERROR:directory_reader_win.cc(43)] FindFirstFile: The system cannot find the path specified. (0x3)
[1016/111234.341:ERROR:directory_reader_win.cc(43)] FindFirstFile: The system cannot find the path specified. (0x3)
[1016/113649.496:ERROR:directory_reader_win.cc(43)] FindFirstFile: The system cannot find the path specified. (0x3)
[1020/063406.201:ERROR:directory_reader_win.cc(43)] FindFirstFile: The system cannot find the path specified. (0x3)
[1020/072202.632:ERROR:directory_reader_win.cc(43)] FindFirstFile: The system cannot find the path specified. (0x3)
[1020/082543.636:ERROR:directory_reader_win.cc(43)] FindFirstFile: The system cannot find the path specified. (0x3)
[1020/082728.737:ERROR:directory_reader_win.cc(43)] FindFirstFile: The system cannot find the path specified. (0x3)
[1020/084218.766:ERROR:directory_reader_win.cc(43)] FindFirstFile: The system cannot find the path specified. (0x3)
[1020/091858.959:ERROR:directory_reader_win.cc(43)] FindFirstFile: The system cannot find the path specified. (0x3)
[1020/092039.974:ERROR:directory_reader_win.cc(43)] FindFirstFile: The system cannot find the path specified. (0x3)
[1020/092603.986:ERROR:directory_reader_win.cc(43)] FindFirstFile: The system cannot find the path specified. (0x3)
[0211/222509.149:ERROR:directory_reader_win.cc(43)] FindFirstFile: The system cannot find the path specified. (0x3)
[0212/065157.391:ERROR:directory_reader_win.cc(43)] FindFirstFile: The system cannot find the path specified. (0x3)
[0212/071413.887:ERROR:directory_reader_win.cc(43)] FindFirstFile: The system cannot find the path specified. (0x3)
[0212/072733.899:ERROR:directory_reader_win.cc(43)] FindFirstFile: The system cannot find the path specified. (0x3)
[0212/072805.926:ERROR:directory_reader_win.cc(43)] FindFirstFile: The system cannot find the path specified. (0x3)
[0213/072737.030:ERROR:directory_reader_win.cc(43)] FindFirstFile: The system cannot find the path specified. (0x3)
[0214/072740.266:ERROR:directory_reader_win.cc(43)] FindFirstFile: The system cannot find the path specified. (0x3)
[0215/072743.134:ERROR:directory_reader_win.cc(43)] FindFirstFile: The system cannot find the path specified. (0x3)
[0216/072746.431:ERROR:directory_reader_win.cc(43)] FindFirstFile: The system cannot find the path specified. (0x3)
[0219/071754.682:ERROR:directory_reader_win.cc(43)] FindFirstFile: The system cannot find the path specified. (0x3)
[0220/071757.548:ERROR:directory_reader_win.cc(43)] FindFirstFile: The system cannot find the path specified. (0x3)
[0221/071800.680:ERROR:directory_reader_win.cc(43)] FindFirstFile: The system cannot find the path specified. (0x3)
